<?xml version="1.0" encoding="UTF-8"?>
<testng-results ignored="0" total="2" passed="2" failed="0" skipped="0">
  <reporter-output>
  </reporter-output>
  <suite started-at="2023-05-19T13:53:53 IST" name="Default suite" finished-at="2023-05-19T13:53:56 IST" duration-ms="2788">
    <groups>
    </groups>
    <test started-at="2023-05-19T13:53:53 IST" name="Default test" finished-at="2023-05-19T13:53:56 IST" duration-ms="2788">
      <class name="tests.TestsExamples">
        <test-method signature="test_1()[pri:0, instance:tests.TestsExamples@429bffaa]" started-at="2023-05-19T13:53:53 IST" name="test_1" finished-at="2023-05-19T13:53:55 IST" duration-ms="1823" status="PASS">
          <reporter-output>
          </reporter-output>
        </test-method> <!-- test_1 -->
        <test-method signature="test_2()[pri:0, instance:tests.TestsExamples@429bffaa]" started-at="2023-05-19T13:53:55 IST" name="test_2" finished-at="2023-05-19T13:53:56 IST" duration-ms="920" status="PASS">
          <reporter-output>
          </reporter-output>
        </test-method> <!-- test_2 -->
      </class> <!-- tests.TestsExamples -->
    </test> <!-- Default test -->
  </suite> <!-- Default suite -->
</testng-results>
